Traceback (most recent call last):
  File "rknn/api/rknn_log.py", line 344, in rknn.api.rknn_log.error_catch_decorator.error_catch_wrapper
  File "rknn/api/rknn_base.py", line 1990, in rknn.api.rknn_base.RKNNBase.build
  File "rknn/api/graph_optimizer.py", line 967, in rknn.api.graph_optimizer.GraphOptimizer.fold_constant
  File "rknn/api/session.py", line 150, in rknn.api.session.Session.run
  File "/usr/local/lib/python3.8/dist-packages/onnxruntime/capi/onnxruntime_inference_collection.py", line 220, in run
    return self._sess.run(output_names, input_feed, run_options)
onnxruntime.capi.onnxruntime_pybind11_state.InvalidArgument: [ONNXRuntimeError] : 2 : INVALID_ARGUMENT : Non-zero status code returned while running Conv node. Name:'/decoder/conv/Conv' Status Message: Invalid input shape: {1}

During handling of the above exception, another exception occurred:

Traceback (most recent call last):
  File "convert/convert_to_rknn.py", line 149, in main
    convert(name, do_quantization=not args.no_quant)
  File "convert/convert_to_rknn.py", line 113, in convert
    ret = rknn.build(do_quantization=False)
  File "/usr/local/lib/python3.8/dist-packages/rknn/api/rknn.py", line 198, in build
    return self.rknn_base.build(do_quantization=do_quantization, dataset=dataset, expand_batch_size=rknn_batch_size, auto_hybrid=auto_hybrid)
  File "rknn/api/rknn_log.py", line 349, in rknn.api.rknn_log.error_catch_decorator.error_catch_wrapper
  File "rknn/api/rknn_log.py", line 95, in rknn.api.rknn_log.RKNNLog.e
ValueError: Traceback (most recent call last):
  File "rknn/api/rknn_log.py", line 344, in rknn.api.rknn_log.error_catch_decorator.error_catch_wrapper
  File "rknn/api/rknn_base.py", line 1990, in rknn.api.rknn_base.RKNNBase.build
  File "rknn/api/graph_optimizer.py", line 967, in rknn.api.graph_optimizer.GraphOptimizer.fold_constant
  File "rknn/api/session.py", line 150, in rknn.api.session.Session.run
  File "/usr/local/lib/python3.8/dist-packages/onnxruntime/capi/onnxruntime_inference_collection.py", line 220, in run
    return self._sess.run(output_names, input_feed, run_options)
onnxruntime.capi.onnxruntime_pybind11_state.InvalidArgument: [ONNXRuntimeError] : 2 : INVALID_ARGUMENT : Non-zero status code returned while running Conv node. Name:'/decoder/conv/Conv' Status Message: Invalid input shape: {1}

